Setting locale to en_US
main.c: Error!
Error: SPACE_BEFORE_FUNC    (line:  17, col:   4):	[94mFound space when expecting tab before function name[0m
Error: EXP_PARENTHESIS      (line:  17, col:   9):	[94mExpected parenthesis[0m
Error: VAR_DECL_START_FUNC  (line:  24, col:   1):	Variable declaration not at start of function
Error: SPACE_REPLACE_TAB    (line:  24, col:  12):	Found space when expecting tab
Error: EMPTY_LINE_FUNCTION  (line:  31, col:   1):	Empty line in function
Error: EMPTY_LINE_FUNCTION  (line:  37, col:   1):	Empty line in function
Error: BRACE_SHOULD_EOL     (line:  41, col:   1):	Expected newline after brace
cleanup.c: Error!
Error: SPACE_BEFORE_FUNC    (line:  16, col:  12):	[94mFound space when expecting tab before function name[0m
Error: SPACE_REPLACE_TAB    (line:  18, col:  13):	Found space when expecting tab
Error: SPACE_REPLACE_TAB    (line:  19, col:  13):	Found space when expecting tab
Error: TERNARY_FBIDDEN      (line:  21, col:  16):	Ternaries are forbidden
Error: SPACE_BEFORE_FUNC    (line:  32, col:  12):	[94mFound space when expecting tab before function name[0m
Error: SPACE_REPLACE_TAB    (line:  34, col:  12):	Found space when expecting tab
Error: SPACE_REPLACE_TAB    (line:  35, col:  12):	Found space when expecting tab
Error: TERNARY_FBIDDEN      (line:  37, col:  16):	Ternaries are forbidden
Error: SPACE_BEFORE_FUNC    (line:  48, col:  12):	[94mFound space when expecting tab before function name[0m
Error: SPACE_REPLACE_TAB    (line:  50, col:  15):	Found space when expecting tab
Error: SPACE_REPLACE_TAB    (line:  51, col:  15):	Found space when expecting tab
Error: TERNARY_FBIDDEN      (line:  53, col:  16):	Ternaries are forbidden
Error: SPACE_BEFORE_FUNC    (line:  64, col:   5):	[94mFound space when expecting tab before function name[0m
Error: SPACE_AFTER_KW       (line:  67, col:   9):	Missing space after keyword
Error: PREPOC_ONLY_GLOBAL   (line:  78, col:   1):	Preprocessor statements are only allowed in the global scope
Error: NL_AFTER_PREPROC     (line:  79, col:   1):	Preprocessor statement must be followed by a newline
Error: PREPOC_ONLY_GLOBAL   (line:  85, col:   1):	Preprocessor statements are only allowed in the global scope
Error: NL_AFTER_PREPROC     (line:  86, col:   1):	Preprocessor statement must be followed by a newline
Error: SPACE_BEFORE_FUNC    (line:  88, col:   5):	[94mFound space when expecting tab before function name[0m
Error: SPACE_AFTER_KW       (line:  91, col:   9):	Missing space after keyword
mlx_init.c: Error!
Error: SPACE_BEFORE_FUNC    (line:  19, col:   4):	[94mFound space when expecting tab before function name[0m
Error: SPACE_REPLACE_TAB    (line:  21, col:  12):	Found space when expecting tab
Error: PREPOC_ONLY_GLOBAL   (line:  24, col:   1):	Preprocessor statements are only allowed in the global scope
Error: NL_AFTER_PREPROC     (line:  25, col:   1):	Preprocessor statement must be followed by a newline
Error: PREPOC_ONLY_GLOBAL   (line:  26, col:   1):	Preprocessor statements are only allowed in the global scope
Error: NL_AFTER_PREPROC     (line:  27, col:   1):	Preprocessor statement must be followed by a newline
Error: TOO_FEW_TAB          (line:  27, col:   1):	Missing tabs for indent level
Error: PREPOC_ONLY_GLOBAL   (line:  28, col:   1):	Preprocessor statements are only allowed in the global scope
Error: MULT_IN_SINGLE_INSTR (line:  29, col:   1):	Multiple instructions in single line control structure
Error: NL_AFTER_PREPROC     (line:  29, col:   1):	Preprocessor statement must be followed by a newline
Error: TOO_FEW_TAB          (line:  29, col:   1):	Missing tabs for indent level
Error: TOO_FEW_TAB          (line:  30, col:   1):	Missing tabs for indent level
Error: TOO_FEW_TAB          (line:  31, col:   1):	Missing tabs for indent level
Error: TOO_FEW_TAB          (line:  32, col:   1):	Missing tabs for indent level
Error: SPACE_BEFORE_FUNC    (line:  36, col:  11):	[94mFound space when expecting tab before function name[0m
Error: SPACE_BEFORE_FUNC    (line:  43, col:  12):	[94mFound space when expecting tab before function name[0m
Error: SPACE_BEFORE_FUNC    (line:  53, col:  12):	[94mFound space when expecting tab before function name[0m
Error: SPACE_BEFORE_FUNC    (line:  64, col:  12):	[94mFound space when expecting tab before function name[0m
Error: TOO_FEW_TAB          (line:  74, col:   1):	Missing tabs for indent level
Error: TOO_MANY_FUNCS       (line:  83, col:   1):	[92mToo many functions in file[0m
Error: SPACE_BEFORE_FUNC    (line:  83, col:   5):	[94mFound space when expecting tab before function name[0m
Error: SPACE_REPLACE_TAB    (line:  85, col:  12):	Found space when expecting tab
Error: TOO_MANY_FUNCS       (line:  95, col:   1):	[92mToo many functions in file[0m
Error: SPACE_BEFORE_FUNC    (line:  95, col:   5):	[94mFound space when expecting tab before function name[0m
Error: SPC_AFTER_OPERATOR   (line:  97, col:  39):	[94mmissing space after operator[0m
Error: SPC_BFR_OPERATOR     (line:  97, col:  39):	[94mmissing space before operator[0m
vector_calculation_operations.c: Error!
Error: SPACE_BEFORE_FUNC    (line:  14, col:   7):	[94mFound space when expecting tab before function name[0m
Error: EXP_PARENTHESIS      (line:  14, col:  21):	[94mExpected parenthesis[0m
Error: SPACE_AFTER_KW       (line:  16, col:   5):	Missing space after keyword
Error: SPC_BFR_PAR          (line:  16, col:  11):	[94mMissing space before parenthesis (brace/bracket)[0m
Error: SPACE_BEFORE_FUNC    (line:  19, col:   9):	[94mFound space when expecting tab before function name[0m
Error: EXP_PARENTHESIS      (line:  19, col:  23):	[94mExpected parenthesis[0m
Error: SPACE_REPLACE_TAB    (line:  21, col:  13):	Found space when expecting tab
Error: SPACE_REPLACE_TAB    (line:  22, col:  11):	Found space when expecting tab
Error: MISALIGNED_VAR_DECL  (line:  22, col:  12):	Misaligned variable declaration
Error: EMPTY_LINE_FUNCTION  (line:  35, col:   1):	Empty line in function
Error: SPACE_BEFORE_FUNC    (line:  39, col:   7):	[94mFound space when expecting tab before function name[0m
Error: EXP_PARENTHESIS      (line:  39, col:  25):	[94mExpected parenthesis[0m
Error: SPACE_BEFORE_FUNC    (line:  44, col:   9):	[94mFound space when expecting tab before function name[0m
Error: EXP_PARENTHESIS      (line:  44, col:  29):	[94mExpected parenthesis[0m
Error: LINE_TOO_LONG        (line:  46, col:  82):	[94mline too long[0m
Error: BRACE_SHOULD_EOL     (line:  47, col:   1):	Expected newline after brace
vector_basic_operations.c: Error!
Error: SPACE_BEFORE_FUNC    (line:  14, col:   9):	[94mFound space when expecting tab before function name[0m
Error: SPACE_BEFORE_FUNC    (line:  19, col:   9):	[94mFound space when expecting tab before function name[0m
Error: EXP_PARENTHESIS      (line:  19, col:  20):	[94mExpected parenthesis[0m
Error: SPC_AFTER_OPERATOR   (line:  21, col:  39):	[94mmissing space after operator[0m
Error: SPACE_BEFORE_FUNC    (line:  24, col:   9):	[94mFound space when expecting tab before function name[0m
Error: EXP_PARENTHESIS      (line:  24, col:  20):	[94mExpected parenthesis[0m
Error: SPC_AFTER_OPERATOR   (line:  26, col:  39):	[94mmissing space after operator[0m
Error: SPACE_BEFORE_FUNC    (line:  29, col:   9):	[94mFound space when expecting tab before function name[0m
Error: EXP_PARENTHESIS      (line:  29, col:  22):	[94mExpected parenthesis[0m
Error: SPC_AFTER_OPERATOR   (line:  31, col:  39):	[94mmissing space after operator[0m
Error: SPACE_BEFORE_FUNC    (line:  34, col:   9):	[94mFound space when expecting tab before function name[0m
Error: EXP_PARENTHESIS      (line:  34, col:  20):	[94mExpected parenthesis[0m
Error: NO_SPC_BFR_OPR       (line:  36, col:  40):	[94mextra space before operator[0m
Error: NO_SPC_BFR_OPR       (line:  36, col:  58):	[94mextra space before operator[0m
Error: BRACE_SHOULD_EOL     (line:  37, col:   1):	Expected newline after brace
camera.c: OK!
cylinder.c: Error!
Error: SPACE_BEFORE_FUNC    (line:  14, col:  12):	[94mFound space when expecting tab before function name[0m
Error: EMPTY_LINE_FUNCTION  (line:  21, col:   1):	Empty line in function
Error: SPACE_BEFORE_FUNC    (line:  32, col:  12):	[94mFound space when expecting tab before function name[0m
Error: LINE_TOO_LONG        (line:  32, col:  82):	[94mline too long[0m
Error: EMPTY_LINE_FUNCTION  (line:  42, col:   1):	Empty line in function
Error: MIXED_SPACE_TAB      (line:  45, col:  70):	[93mMixed spaces and tabs[0m
Error: TAB_INSTEAD_SPC      (line:  46, col:   1):	[94mFound tab when expecting space[0m
Error: SPACE_BEFORE_FUNC    (line:  57, col:  14):	[94mFound space when expecting tab before function name[0m
Error: SPACE_BEFORE_FUNC    (line:  73, col:  14):	[94mFound space when expecting tab before function name[0m
Error: LINE_TOO_LONG        (line:  73, col:  85):	[94mline too long[0m
Error: TOO_MANY_ARGS        (line:  73, col: 130):	[91mFunction has more than 4 arguments[0m
Error: SPACE_BEFORE_FUNC    (line:  93, col:  12):	[94mFound space when expecting tab before function name[0m
Error: SPC_BEFORE_NL        (line:  93, col:  67):	Space before newline
Error: MIXED_SPACE_TAB      (line:  94, col:   9):	[93mMixed spaces and tabs[0m
Error: MIXED_SPACE_TAB      (line:  96, col:  13):	[93mMixed spaces and tabs[0m
Error: SPC_BEFORE_NL        (line:  98, col:  71):	Space before newline
Error: TOO_FEW_TAB          (line:  99, col:   1):	Missing tabs for indent level
Error: TOO_MANY_FUNCS       (line: 104, col:   1):	[92mToo many functions in file[0m
Error: SPACE_BEFORE_FUNC    (line: 104, col:  12):	[94mFound space when expecting tab before function name[0m
Error: MIXED_SPACE_TAB      (line: 105, col:   9):	[93mMixed spaces and tabs[0m
Error: MIXED_SPACE_TAB      (line: 107, col:  13):	[93mMixed spaces and tabs[0m
Error: MIXED_SPACE_TAB      (line: 112, col:  64):	[93mMixed spaces and tabs[0m
Error: TAB_INSTEAD_SPC      (line: 113, col:   1):	[94mFound tab when expecting space[0m
Error: MIXED_SPACE_TAB      (line: 114, col:  64):	[93mMixed spaces and tabs[0m
Error: TAB_INSTEAD_SPC      (line: 115, col:   1):	[94mFound tab when expecting space[0m
Error: SPC_BEFORE_NL        (line: 115, col:  62):	Space before newline
Error: TOO_FEW_TAB          (line: 116, col:   1):	Missing tabs for indent level
Error: MIXED_SPACE_TAB      (line: 117, col:  54):	[93mMixed spaces and tabs[0m
Error: TAB_INSTEAD_SPC      (line: 118, col:   1):	[94mFound tab when expecting space[0m
Error: TOO_MANY_FUNCS       (line: 123, col:   1):	[92mToo many functions in file[0m
Error: SPACE_BEFORE_FUNC    (line: 123, col:  12):	[94mFound space when expecting tab before function name[0m
Error: SPC_BEFORE_NL        (line: 123, col:  74):	Space before newline
Error: MIXED_SPACE_TAB      (line: 124, col:   9):	[93mMixed spaces and tabs[0m
Error: TOO_MANY_FUNCS       (line: 135, col:   1):	[92mToo many functions in file[0m
Error: SPACE_BEFORE_FUNC    (line: 135, col:   5):	[94mFound space when expecting tab before function name[0m
Error: VAR_DECL_START_FUNC  (line: 139, col:   1):	Variable declaration not at start of function
Error: VAR_DECL_START_FUNC  (line: 140, col:   1):	Variable declaration not at start of function
Error: VAR_DECL_START_FUNC  (line: 141, col:   1):	Variable declaration not at start of function
Error: BRACE_SHOULD_EOL     (line: 152, col:   1):	Expected newline after brace
sphere.c: Error!
Error: SPACE_BEFORE_FUNC    (line:  14, col:   5):	[94mFound space when expecting tab before function name[0m
Error: SPACE_REPLACE_TAB    (line:  16, col:  13):	Found space when expecting tab
Error: MISALIGNED_VAR_DECL  (line:  17, col:  17):	Misaligned variable declaration
Error: LINE_TOO_LONG        (line:  23, col:  82):	[94mline too long[0m
utils.c: Error!
Error: SPACE_BEFORE_FUNC    (line:  14, col:   7):	[94mFound space when expecting tab before function name[0m
Error: SPACE_REPLACE_TAB    (line:  16, col:  11):	Found space when expecting tab
plane.c: Error!
Error: SPC_BEFORE_NL        (line:  14, col:  68):	Space before newline
Error: MIXED_SPACE_TAB      (line:  15, col:   9):	[93mMixed spaces and tabs[0m
Error: TOO_MANY_ARGS        (line:  15, col:  43):	[91mFunction has more than 4 arguments[0m
Error: SPACE_BEFORE_FUNC    (line:  30, col:   5):	[94mFound space when expecting tab before function name[0m
Error: MISALIGNED_VAR_DECL  (line:  33, col:  17):	Misaligned variable declaration
Error: MISALIGNED_VAR_DECL  (line:  34, col:  17):	Misaligned variable declaration
Error: WRONG_SCOPE_COMMENT  (line:  36, col:   5):	[95mComment is invalid in this scope[0m
Error: LINE_TOO_LONG        (line:  41, col:  87):	[94mline too long[0m
Error: BRACE_SHOULD_EOL     (line:  48, col:   1):	Expected newline after brace
plane_intersection.c: Error!
Error: WRONG_SCOPE_COMMENT  (line:  20, col:   5):	[95mComment is invalid in this scope[0m
Error: LINE_TOO_LONG        (line:  31, col:  83):	[94mline too long[0m
sphere_intersection.c: Error!
Error: LINE_TOO_LONG        (line:  24, col:  84):	[94mline too long[0m
Error: LINE_TOO_LONG        (line:  31, col:  82):	[94mline too long[0m
Error: LINE_TOO_LONG        (line:  33, col:  82):	[94mline too long[0m
cylinder_intersection.c: Error!
Error: MISALIGNED_VAR_DECL  (line:  18, col:  17):	Misaligned variable declaration
Error: MISALIGNED_VAR_DECL  (line:  36, col:  13):	Misaligned variable declaration
Error: MISALIGNED_VAR_DECL  (line:  37, col:  13):	Misaligned variable declaration
Error: SPC_BEFORE_NL        (line:  41, col:  70):	Space before newline
Error: LINE_TOO_LONG        (line:  44, col:  82):	[94mline too long[0m
Error: SPC_BEFORE_NL        (line:  47, col:  65):	Space before newline
Error: SPC_BEFORE_NL        (line:  67, col:  57):	Space before newline
Error: MISALIGNED_VAR_DECL  (line:  72, col:  17):	Misaligned variable declaration
Error: SPC_BEFORE_NL        (line:  88, col:  58):	Space before newline
Error: MIXED_SPACE_TAB      (line:  89, col:   9):	[93mMixed spaces and tabs[0m
Error: SPC_BEFORE_NL        (line:  94, col:  64):	Space before newline
Error: SPC_BEFORE_NL        (line:  96, col:  65):	Space before newline
Error: TOO_FEW_TAB          (line:  97, col:   1):	Missing tabs for indent level
Error: SPC_BEFORE_NL        (line:  97, col:  61):	Space before newline
Error: TOO_FEW_TAB          (line:  98, col:   1):	Missing tabs for indent level
Error: SPC_BEFORE_NL        (line:  99, col:  56):	Space before newline
Error: SPC_BEFORE_NL        (line: 100, col:  64):	Space before newline
Error: TOO_MANY_FUNCS       (line: 105, col:   1):	[92mToo many functions in file[0m
Error: LINE_TOO_LONG        (line: 112, col:  83):	[94mline too long[0m
Error: LINE_TOO_LONG        (line: 116, col:  82):	[94mline too long[0m
Error: TOO_MANY_FUNCS       (line: 121, col:   1):	[92mToo many functions in file[0m
utils.c: Error!
Error: WRONG_SCOPE_COMMENT  (line:  27, col:   9):	[95mComment is invalid in this scope[0m
parse_properties.c: Error!
Error: SPACE_BEFORE_FUNC    (line:  14, col:  12):	[94mFound space when expecting tab before function name[0m
Error: SPACE_BEFORE_FUNC    (line:  19, col:  12):	[94mFound space when expecting tab before function name[0m
Error: SPACE_BEFORE_FUNC    (line:  38, col:   5):	[94mFound space when expecting tab before function name[0m
Error: SPACE_REPLACE_TAB    (line:  40, col:   9):	Found space when expecting tab
Error: SPACE_AFTER_KW       (line:  45, col:   9):	Missing space after keyword
Error: SPACE_BEFORE_FUNC    (line:  53, col:  12):	[94mFound space when expecting tab before function name[0m
Error: MISALIGNED_VAR_DECL  (line:  56, col:  13):	Misaligned variable declaration
Error: SPACE_BEFORE_FUNC    (line:  71, col:  11):	[94mFound space when expecting tab before function name[0m
Error: SPACE_REPLACE_TAB    (line:  73, col:   8):	Found space when expecting tab
Error: TOO_MANY_FUNCS       (line:  84, col:   1):	[92mToo many functions in file[0m
Error: SPACE_BEFORE_FUNC    (line:  84, col:   5):	[94mFound space when expecting tab before function name[0m
Error: MIXED_SPACE_TAB      (line:  86, col:   8):	[93mMixed spaces and tabs[0m
Error: SPACE_REPLACE_TAB    (line:  87, col:   9):	Found space when expecting tab
Error: SPACE_AFTER_KW       (line:  97, col:  13):	Missing space after keyword
Error: BRACE_SHOULD_EOL     (line: 102, col:   1):	Expected newline after brace
parse_utils.c: Error!
Error: SPACE_BEFORE_FUNC    (line:  14, col:   5):	[94mFound space when expecting tab before function name[0m
Error: LINE_TOO_LONG        (line:  16, col:  82):	[94mline too long[0m
Error: SPACE_BEFORE_FUNC    (line:  20, col:  14):	[94mFound space when expecting tab before function name[0m
Error: SPACE_REPLACE_TAB    (line:  22, col:  11):	Found space when expecting tab
Error: SPACE_REPLACE_TAB    (line:  23, col:  11):	Found space when expecting tab
Error: SPACE_BEFORE_FUNC    (line:  39, col:   7):	[94mFound space when expecting tab before function name[0m
Error: SPACE_REPLACE_TAB    (line:  41, col:  11):	Found space when expecting tab
Error: SPACE_REPLACE_TAB    (line:  42, col:  11):	Found space when expecting tab
Error: SPACE_BEFORE_FUNC    (line:  63, col:   5):	[94mFound space when expecting tab before function name[0m
Error: NO_SPC_AFR_PAR       (line:  66, col:  22):	[94mExtra space after parenthesis (brace/bracket)[0m
Error: TOO_FEW_TAB          (line:  66, col:  24):	Missing tabs for indent level
Error: TOO_MANY_INSTR       (line:  66, col:  24):	Too many instructions on a single line
Error: EXP_NEWLINE          (line:  66, col:  33):	Expected newline after control structure
Error: NO_SPC_AFR_PAR       (line:  68, col:  22):	[94mExtra space after parenthesis (brace/bracket)[0m
Error: TOO_FEW_TAB          (line:  68, col:  24):	Missing tabs for indent level
Error: TOO_MANY_INSTR       (line:  68, col:  24):	Too many instructions on a single line
Error: EXP_NEWLINE          (line:  68, col:  33):	Expected newline after control structure
Error: BRACE_SHOULD_EOL     (line:  70, col:   1):	Expected newline after brace
parse_physics.c: Error!
Error: SPACE_BEFORE_FUNC    (line:  14, col:   5):	[94mFound space when expecting tab before function name[0m
Error: SPACE_BEFORE_FUNC    (line:  26, col:   5):	[94mFound space when expecting tab before function name[0m
Error: SPACE_BEFORE_FUNC    (line:  40, col:   5):	[94mFound space when expecting tab before function name[0m
Error: LINE_TOO_LONG        (line:  56, col:   1):	[94mline too long[0m
Error: SPACE_BEFORE_FUNC    (line:  59, col:   5):	[94mFound space when expecting tab before function name[0m
Error: WRONG_SCOPE_COMMENT  (line:  66, col:   5):	[95mComment is invalid in this scope[0m
parse_objects.c: Error!
Error: SPACE_BEFORE_FUNC    (line:  14, col:  16):	[94mFound space when expecting tab before function name[0m
Error: SPACE_REPLACE_TAB    (line:  16, col:  13):	Found space when expecting tab
Error: SPACE_BEFORE_FUNC    (line:  33, col:  12):	[94mFound space when expecting tab before function name[0m
Error: SPACE_REPLACE_TAB    (line:  35, col:  13):	Found space when expecting tab
Error: SPACE_AFTER_KW       (line:  40, col:   9):	Missing space after keyword
Error: SPACE_BEFORE_FUNC    (line:  48, col:  15):	[94mFound space when expecting tab before function name[0m
Error: SPACE_REPLACE_TAB    (line:  50, col:  12):	Found space when expecting tab
Error: SPACE_BEFORE_FUNC    (line:  67, col:  12):	[94mFound space when expecting tab before function name[0m
Error: SPACE_REPLACE_TAB    (line:  69, col:  12):	Found space when expecting tab
Error: SPACE_AFTER_KW       (line:  74, col:   9):	Missing space after keyword
Error: SPACE_BEFORE_FUNC    (line:  82, col:  18):	[94mFound space when expecting tab before function name[0m
Error: SPACE_REPLACE_TAB    (line:  84, col:  15):	Found space when expecting tab
Error: TOO_MANY_FUNCS       (line: 105, col:   1):	[92mToo many functions in file[0m
Error: SPACE_BEFORE_FUNC    (line: 105, col:  12):	[94mFound space when expecting tab before function name[0m
Error: SPACE_REPLACE_TAB    (line: 107, col:  15):	Found space when expecting tab
Error: SPACE_AFTER_KW       (line: 112, col:   9):	Missing space after keyword
Error: TOO_MANY_FUNCS       (line: 120, col:   1):	[92mToo many functions in file[0m
Error: SPACE_BEFORE_FUNC    (line: 120, col:   5):	[94mFound space when expecting tab before function name[0m
Error: TOO_MANY_FUNCS       (line: 125, col:   1):	[92mToo many functions in file[0m
Error: SPACE_BEFORE_FUNC    (line: 125, col:   5):	[94mFound space when expecting tab before function name[0m
Error: TOO_MANY_FUNCS       (line: 130, col:   1):	[92mToo many functions in file[0m
Error: SPACE_BEFORE_FUNC    (line: 130, col:   5):	[94mFound space when expecting tab before function name[0m
Error: BRACE_SHOULD_EOL     (line: 133, col:   1):	Expected newline after brace
save_image.c: Error!
Error: SPACE_REPLACE_TAB    (line:  21, col:   8):	Found space when expecting tab
Error: SPACE_REPLACE_TAB    (line:  31, col:   9):	Found space when expecting tab
Error: MISALIGNED_VAR_DECL  (line:  40, col:  21):	Misaligned variable declaration
Error: MISALIGNED_VAR_DECL  (line:  41, col:  21):	Misaligned variable declaration
Error: SPC_BEFORE_NL        (line:  46, col:  54):	Space before newline
Error: TOO_FEW_TAB          (line:  47, col:   1):	Missing tabs for indent level
Error: WRONG_SCOPE_VAR      (line:  50, col:   1):	Variable declared in incorrect scope
Error: SPACE_REPLACE_TAB    (line:  50, col:  26):	Found space when expecting tab
Error: DECL_ASSIGN_LINE     (line:  50, col:  34):	Declaration and assignation on a single line
Error: SPACE_BEFORE_FUNC    (line:  64, col:   5):	[94mFound space when expecting tab before function name[0m
Error: SPACE_REPLACE_TAB    (line:  66, col:   8):	Found space when expecting tab
Error: SPACE_REPLACE_TAB    (line:  67, col:   8):	Found space when expecting tab
Error: SPACE_AFTER_KW       (line:  71, col:   9):	Missing space after keyword
render.c: Error!
Error: SPC_BEFORE_NL        (line:  36, col:  66):	Space before newline
Error: MIXED_SPACE_TAB      (line:  37, col:   9):	[93mMixed spaces and tabs[0m
Error: MIXED_SPACE_TAB      (line:  39, col:   9):	[93mMixed spaces and tabs[0m
Error: MIXED_SPACE_TAB      (line:  40, col:  10):	[93mMixed spaces and tabs[0m
Error: SPC_BEFORE_NL        (line:  52, col:  64):	Space before newline
Error: MIXED_SPACE_TAB      (line:  53, col:   9):	[93mMixed spaces and tabs[0m
Error: MIXED_SPACE_TAB      (line:  55, col:   9):	[93mMixed spaces and tabs[0m
Error: MIXED_SPACE_TAB      (line:  56, col:  10):	[93mMixed spaces and tabs[0m
Error: SPC_BEFORE_NL        (line:  68, col:  70):	Space before newline
Error: MIXED_SPACE_TAB      (line:  69, col:   9):	[93mMixed spaces and tabs[0m
Error: MIXED_SPACE_TAB      (line:  71, col:   9):	[93mMixed spaces and tabs[0m
Error: MIXED_SPACE_TAB      (line:  72, col:  10):	[93mMixed spaces and tabs[0m
Error: TOO_MANY_FUNCS       (line:  89, col:   1):	[92mToo many functions in file[0m
Error: MIXED_SPACE_TAB      (line:  91, col:  13):	[93mMixed spaces and tabs[0m
Error: MIXED_SPACE_TAB      (line:  92, col:  13):	[93mMixed spaces and tabs[0m
Error: LINE_TOO_LONG        (line:  98, col:  82):	[94mline too long[0m
Error: TOO_MANY_FUNCS       (line: 102, col:   1):	[92mToo many functions in file[0m
Error: TOO_MANY_FUNCS       (line: 129, col:   1):	[92mToo many functions in file[0m
Error: SPC_BEFORE_NL        (line: 140, col:  64):	Space before newline
pixel.c: Error!
Error: SPACE_REPLACE_TAB    (line:  27, col:  15):	Found space when expecting tab
Error: MISALIGNED_VAR_DECL  (line:  27, col:  16):	Misaligned variable declaration
Error: WRONG_SCOPE_COMMENT  (line:  29, col:   5):	[95mComment is invalid in this scope[0m
Error: LINE_TOO_LONG        (line:  30, col:  83):	[94mline too long[0m
Error: WRONG_SCOPE_COMMENT  (line:  31, col:   5):	[95mComment is invalid in this scope[0m
Error: CONSECUTIVE_SPC      (line:  35, col:  45):	[94mTwo or more consecutives spaces[0m
Error: EMPTY_LINE_FUNCTION  (line:  36, col:   1):	Empty line in function
Error: SPACE_EMPTY_LINE     (line:  36, col:   1):	Space on empty line
Error: WRONG_SCOPE_VAR      (line:  39, col:   1):	Variable declared in incorrect scope
Error: SPACE_REPLACE_TAB    (line:  39, col:  21):	Found space when expecting tab
Error: DECL_ASSIGN_LINE     (line:  39, col:  26):	Declaration and assignation on a single line
Error: LINE_TOO_LONG        (line:  40, col:  97):	[94mline too long[0m
color.c: Error!
Error: LINE_TOO_LONG        (line:  61, col:   1):	[94mline too long[0m
ray.c: Error!
Error: TOO_FEW_TAB          (line:  29, col:   1):	Missing tabs for indent level
Error: TOO_FEW_TAB          (line:  31, col:   1):	Missing tabs for indent level
Error: TOO_FEW_TAB          (line:  33, col:   1):	Missing tabs for indent level
Error: NEWLINE_PRECEDES_FUNC (line:  40, col:   3):	Functions must be separated by a newline
Error: TOO_MANY_INSTR       (line:  40, col:   3):	Too many instructions on a single line
Error: SPC_BEFORE_NL        (line:  71, col:  46):	Space before newline
Error: TOO_FEW_TAB          (line:  72, col:   1):	Missing tabs for indent level
Error: LINE_TOO_LONG        (line:  72, col:  84):	[94mline too long[0m
Error: SPC_BEFORE_NL        (line:  73, col:  51):	Space before newline
Error: TOO_FEW_TAB          (line:  74, col:   1):	Missing tabs for indent level
Error: LINE_TOO_LONG        (line:  74, col:  84):	[94mline too long[0m
Error: LINE_TOO_LONG        (line:  94, col:  82):	[94mline too long[0m
light.c: Error!
Error: LINE_TOO_LONG        (line:  19, col:   1):	[94mline too long[0m
Error: SPC_BEFORE_NL        (line:  28, col:  77):	Space before newline
Error: TOO_FEW_TAB          (line:  29, col:   1):	Missing tabs for indent level
Error: SPC_BEFORE_NL        (line:  87, col:  64):	Space before newline
Error: TOO_FEW_TAB          (line:  88, col:   1):	Missing tabs for indent level
camera.h: Error!
Error: TOO_MANY_WS          (line:  12, col:   1):	Extra whitespaces for indent level
Error: TOO_MANY_WS          (line:  14, col:   1):	Extra whitespaces for indent level
Error: TOO_MANY_WS          (line:  15, col:   1):	Extra whitespaces for indent level
Error: TOO_MANY_WS          (line:  21, col:   1):	Extra whitespaces for indent level
Error: TOO_MANY_WS          (line:  22, col:   1):	Extra whitespaces for indent level
Error: MACRO_FUNC_FORBIDDEN (line:  22, col:  17):	Macro functions are forbidden
Error: PREPROC_CONSTANT     (line:  22, col:  23):	Preprocessor statement must only contain constant defines
Error: TOO_MANY_WS          (line:  24, col:   1):	Extra whitespaces for indent level
Error: TOO_MANY_WS          (line:  25, col:   1):	Extra whitespaces for indent level
Error: TOO_MANY_WS          (line:  26, col:   1):	Extra whitespaces for indent level
Error: TOO_MANY_WS          (line:  27, col:   1):	Extra whitespaces for indent level
Error: TOO_MANY_WS          (line:  28, col:   1):	Extra whitespaces for indent level
Error: HEADER_PROT_ALL_AF   (line:  30, col:   1):	Instructions after header protection are forbidden
Error: TOO_MANY_WS          (line:  30, col:   1):	Extra whitespaces for indent level
Error: PREPROC_CONSTANT     (line:  30, col:  16):	Preprocessor statement must only contain constant defines
Error: TOO_MANY_WS          (line:  31, col:   1):	Extra whitespaces for indent level
Error: PREPROC_CONSTANT     (line:  31, col:  17):	Preprocessor statement must only contain constant defines
Error: TOO_MANY_WS          (line:  33, col:   1):	Extra whitespaces for indent level
Error: PREPROC_CONSTANT     (line:  33, col:  18):	Preprocessor statement must only contain constant defines
Error: PREPROC_BAD_ENDIF    (line: 141, col:   1):	Endif preprocessor statement without if, elif or else
vector.h: OK!
render.h: Error!
Error: SPACE_REPLACE_TAB    (line:  25, col:   7):	Found space when expecting tab
Error: MISALIGNED_VAR_DECL  (line:  26, col:   1):	Misaligned variable declaration
Error: SPACE_REPLACE_TAB    (line:  26, col:  23):	Found space when expecting tab
Error: CONSECUTIVE_NEWLINES (line:  28, col:   1):	Consecutive newlines
Error: MACRO_FUNC_FORBIDDEN (line:  31, col:  17):	Macro functions are forbidden
Error: PREPROC_CONSTANT     (line:  31, col:  23):	Preprocessor statement must only contain constant defines
Error: MACRO_FUNC_FORBIDDEN (line:  33, col:  13):	Macro functions are forbidden
Error: PREPROC_CONSTANT     (line:  33, col:  20):	Preprocessor statement must only contain constant defines
Error: TERNARY_FBIDDEN      (line:  33, col:  31):	Ternaries are forbidden
Error: MACRO_FUNC_FORBIDDEN (line:  34, col:  13):	Macro functions are forbidden
Error: PREPROC_CONSTANT     (line:  34, col:  20):	Preprocessor statement must only contain constant defines
Error: TERNARY_FBIDDEN      (line:  34, col:  31):	Ternaries are forbidden
Error: PREPROC_CONSTANT     (line:  42, col:  17):	Preprocessor statement must only contain constant defines
Error: PREPROC_CONSTANT     (line:  43, col:  17):	Preprocessor statement must only contain constant defines
Error: PREPROC_CONSTANT     (line:  46, col:  18):	Preprocessor statement must only contain constant defines
Error: PREPROC_CONSTANT     (line:  47, col:  22):	Preprocessor statement must only contain constant defines
Error: PREPROC_CONSTANT     (line:  59, col:  16):	Preprocessor statement must only contain constant defines
Error: PREPROC_CONSTANT     (line:  60, col:  16):	Preprocessor statement must only contain constant defines
intersection.h: OK!
properties.h: Error!
Error: PREPROC_BAD_INDENT   (line:  13, col:   1):	Bad preprocessor indentation
Error: PREPROC_BAD_INDENT   (line:  15, col:   1):	Bad preprocessor indentation
Error: PREPROC_BAD_INDENT   (line:  16, col:   1):	Bad preprocessor indentation
Error: PREPROC_BAD_INDENT   (line:  17, col:   1):	Bad preprocessor indentation
Error: PREPROC_BAD_INDENT   (line:  18, col:   1):	Bad preprocessor indentation
Error: PREPROC_BAD_INDENT   (line:  19, col:   1):	Bad preprocessor indentation
Error: PREPROC_BAD_INDENT   (line:  20, col:   1):	Bad preprocessor indentation
Error: PREPROC_BAD_INDENT   (line:  21, col:   1):	Bad preprocessor indentation
Error: PREPROC_BAD_INDENT   (line:  22, col:   1):	Bad preprocessor indentation
Error: SPACE_REPLACE_TAB    (line:  26, col:   9):	Found space when expecting tab
Error: SPACE_REPLACE_TAB    (line:  27, col:  11):	Found space when expecting tab
Error: MISALIGNED_VAR_DECL  (line:  27, col:  12):	Misaligned variable declaration
Error: SPACE_REPLACE_TAB    (line:  28, col:  13):	Found space when expecting tab
Error: MISALIGNED_VAR_DECL  (line:  28, col:  14):	Misaligned variable declaration
Error: SPACE_REPLACE_TAB    (line:  29, col:   2):	Found space when expecting tab
Error: SPACE_REPLACE_TAB    (line:  33, col:   9):	Found space when expecting tab
Error: SPACE_REPLACE_TAB    (line:  34, col:  13):	Found space when expecting tab
Error: MISALIGNED_VAR_DECL  (line:  34, col:  14):	Misaligned variable declaration
Error: SPACE_REPLACE_TAB    (line:  35, col:  13):	Found space when expecting tab
Error: MISALIGNED_VAR_DECL  (line:  35, col:  14):	Misaligned variable declaration
Error: SPACE_REPLACE_TAB    (line:  36, col:  11):	Found space when expecting tab
Error: MISALIGNED_VAR_DECL  (line:  36, col:  12):	Misaligned variable declaration
Error: SPACE_REPLACE_TAB    (line:  38, col:  13):	Found space when expecting tab
Error: MISALIGNED_VAR_DECL  (line:  38, col:  14):	Misaligned variable declaration
Error: SPACE_REPLACE_TAB    (line:  39, col:  13):	Found space when expecting tab
Error: MISALIGNED_VAR_DECL  (line:  39, col:  14):	Misaligned variable declaration
Error: SPACE_REPLACE_TAB    (line:  40, col:  11):	Found space when expecting tab
Error: MISALIGNED_VAR_DECL  (line:  40, col:  12):	Misaligned variable declaration
Error: SPACE_REPLACE_TAB    (line:  41, col:  11):	Found space when expecting tab
Error: MISALIGNED_VAR_DECL  (line:  41, col:  12):	Misaligned variable declaration
Error: SPACE_REPLACE_TAB    (line:  42, col:   2):	Found space when expecting tab
Error: SPACE_REPLACE_TAB    (line:  46, col:   9):	Found space when expecting tab
Error: SPACE_REPLACE_TAB    (line:  47, col:  13):	Found space when expecting tab
Error: MISALIGNED_VAR_DECL  (line:  47, col:  14):	Misaligned variable declaration
Error: SPACE_REPLACE_TAB    (line:  48, col:  11):	Found space when expecting tab
Error: MISALIGNED_VAR_DECL  (line:  48, col:  12):	Misaligned variable declaration
Error: SPACE_REPLACE_TAB    (line:  49, col:  13):	Found space when expecting tab
Error: MISALIGNED_VAR_DECL  (line:  49, col:  14):	Misaligned variable declaration
Error: SPACE_REPLACE_TAB    (line:  50, col:   2):	Found space when expecting tab
Error: SPACE_REPLACE_TAB    (line:  52, col:   7):	Found space when expecting tab
Error: SPACE_REPLACE_TAB    (line:  54, col:   5):	Found space when expecting tab
Error: SPACE_REPLACE_TAB    (line:  55, col:   7):	Found space when expecting tab
Error: SPACE_REPLACE_TAB    (line:  56, col:   5):	Found space when expecting tab
Error: SPACE_REPLACE_TAB    (line:  58, col:   5):	Found space when expecting tab
Error: SPACE_REPLACE_TAB    (line:  59, col:   5):	Found space when expecting tab
Error: SPACE_REPLACE_TAB    (line:  60, col:   5):	Found space when expecting tab
Error: SPACE_REPLACE_TAB    (line:  62, col:   5):	Found space when expecting tab
Error: SPACE_REPLACE_TAB    (line:  63, col:   5):	Found space when expecting tab
Error: SPACE_REPLACE_TAB    (line:  64, col:   5):	Found space when expecting tab
Error: SPACE_REPLACE_TAB    (line:  66, col:   5):	Found space when expecting tab
Error: SPACE_REPLACE_TAB    (line:  67, col:   5):	Found space when expecting tab
Error: SPACE_REPLACE_TAB    (line:  69, col:   5):	Found space when expecting tab
objects.h: Error!
Error: PREPROC_BAD_INDENT   (line:  13, col:   1):	Bad preprocessor indentation
Error: PREPROC_BAD_INDENT   (line:  15, col:   1):	Bad preprocessor indentation
Error: CONSECUTIVE_SPC      (line:  19, col:   9):	[94mTwo or more consecutives spaces[0m
Error: SPACE_REPLACE_TAB    (line:  19, col:   9):	Found space when expecting tab
Error: CONSECUTIVE_SPC      (line:  20, col:  13):	[94mTwo or more consecutives spaces[0m
Error: SPACE_REPLACE_TAB    (line:  20, col:  13):	Found space when expecting tab
Error: CONSECUTIVE_SPC      (line:  21, col:  11):	[94mTwo or more consecutives spaces[0m
Error: SPACE_REPLACE_TAB    (line:  21, col:  11):	Found space when expecting tab
Error: CONSECUTIVE_SPC      (line:  22, col:  13):	[94mTwo or more consecutives spaces[0m
Error: SPACE_REPLACE_TAB    (line:  22, col:  13):	Found space when expecting tab
Error: SPACE_REPLACE_TAB    (line:  23, col:  20):	Found space when expecting tab
Error: MISALIGNED_VAR_DECL  (line:  23, col:  21):	Misaligned variable declaration
Error: CONSECUTIVE_SPC      (line:  24, col:   2):	[94mTwo or more consecutives spaces[0m
Error: SPACE_REPLACE_TAB    (line:  24, col:   4):	Found space when expecting tab
Error: CONSECUTIVE_SPC      (line:  28, col:   9):	[94mTwo or more consecutives spaces[0m
Error: SPACE_REPLACE_TAB    (line:  28, col:   9):	Found space when expecting tab
Error: CONSECUTIVE_SPC      (line:  29, col:  13):	[94mTwo or more consecutives spaces[0m
Error: SPACE_REPLACE_TAB    (line:  29, col:  13):	Found space when expecting tab
Error: CONSECUTIVE_SPC      (line:  30, col:  13):	[94mTwo or more consecutives spaces[0m
Error: SPACE_REPLACE_TAB    (line:  30, col:  13):	Found space when expecting tab
Error: CONSECUTIVE_SPC      (line:  31, col:  13):	[94mTwo or more consecutives spaces[0m
Error: SPACE_REPLACE_TAB    (line:  31, col:  13):	Found space when expecting tab
Error: SPACE_REPLACE_TAB    (line:  32, col:  19):	Found space when expecting tab
Error: MISALIGNED_VAR_DECL  (line:  32, col:  20):	Misaligned variable declaration
Error: CONSECUTIVE_SPC      (line:  33, col:   2):	[94mTwo or more consecutives spaces[0m
Error: SPACE_REPLACE_TAB    (line:  33, col:   4):	Found space when expecting tab
Error: CONSECUTIVE_SPC      (line:  37, col:   9):	[94mTwo or more consecutives spaces[0m
Error: SPACE_REPLACE_TAB    (line:  37, col:   9):	Found space when expecting tab
Error: CONSECUTIVE_SPC      (line:  38, col:  13):	[94mTwo or more consecutives spaces[0m
Error: SPACE_REPLACE_TAB    (line:  38, col:  13):	Found space when expecting tab
Error: CONSECUTIVE_SPC      (line:  39, col:  13):	[94mTwo or more consecutives spaces[0m
Error: SPACE_REPLACE_TAB    (line:  39, col:  13):	Found space when expecting tab
Error: CONSECUTIVE_SPC      (line:  40, col:  11):	[94mTwo or more consecutives spaces[0m
Error: SPACE_REPLACE_TAB    (line:  40, col:  11):	Found space when expecting tab
Error: CONSECUTIVE_SPC      (line:  41, col:  11):	[94mTwo or more consecutives spaces[0m
Error: SPACE_REPLACE_TAB    (line:  41, col:  11):	Found space when expecting tab
Error: CONSECUTIVE_SPC      (line:  42, col:  13):	[94mTwo or more consecutives spaces[0m
Error: SPACE_REPLACE_TAB    (line:  42, col:  13):	Found space when expecting tab
Error: SPACE_REPLACE_TAB    (line:  43, col:  22):	Found space when expecting tab
Error: MISALIGNED_VAR_DECL  (line:  43, col:  23):	Misaligned variable declaration
Error: CONSECUTIVE_SPC      (line:  44, col:   2):	[94mTwo or more consecutives spaces[0m
Error: SPACE_REPLACE_TAB    (line:  44, col:   4):	Found space when expecting tab
main.h: Error!
Error: PREPROC_BAD_INDENT   (line:  13, col:   1):	Bad preprocessor indentation
Error: PREPROC_BAD_INDENT   (line:  15, col:   1):	Bad preprocessor indentation
Error: PREPROC_BAD_INDENT   (line:  16, col:   1):	Bad preprocessor indentation
Error: PREPROC_BAD_INDENT   (line:  17, col:   1):	Bad preprocessor indentation
Error: PREPROC_BAD_INDENT   (line:  18, col:   1):	Bad preprocessor indentation
Error: SPACE_REPLACE_TAB    (line:  22, col:  12):	Found space when expecting tab
Error: SPACE_REPLACE_TAB    (line:  24, col:  13):	Found space when expecting tab
Error: MISALIGNED_VAR_DECL  (line:  24, col:  14):	Misaligned variable declaration
Error: SPACE_REPLACE_TAB    (line:  25, col:  14):	Found space when expecting tab
Error: MISALIGNED_VAR_DECL  (line:  25, col:  15):	Misaligned variable declaration
Error: SPACE_REPLACE_TAB    (line:  26, col:  12):	Found space when expecting tab
Error: SPACE_REPLACE_TAB    (line:  28, col:  15):	Found space when expecting tab
Error: MISALIGNED_VAR_DECL  (line:  28, col:  16):	Misaligned variable declaration
Error: SPACE_REPLACE_TAB    (line:  29, col:  13):	Found space when expecting tab
Error: MISALIGNED_VAR_DECL  (line:  29, col:  14):	Misaligned variable declaration
Error: SPACE_REPLACE_TAB    (line:  30, col:  12):	Found space when expecting tab
Error: SPACE_REPLACE_TAB    (line:  31, col:   2):	Found space when expecting tab
Error: INCLUDE_START_FILE   (line:  33, col:   1):	Include must be at the start of file
Error: PREPROC_BAD_INDENT   (line:  33, col:   1):	Bad preprocessor indentation
Error: CONSECUTIVE_SPC      (line:  35, col:   5):	[94mTwo or more consecutives spaces[0m
Error: SPACE_REPLACE_TAB    (line:  35, col:   5):	Found space when expecting tab
Error: CONSECUTIVE_SPC      (line:  36, col:   5):	[94mTwo or more consecutives spaces[0m
Error: SPACE_REPLACE_TAB    (line:  36, col:   5):	Found space when expecting tab
graph.h: Error!
Error: PREPROC_BAD_INDENT   (line:  14, col:   1):	Bad preprocessor indentation
Error: PREPROC_BAD_INDENT   (line:  15, col:   1):	Bad preprocessor indentation
Error: PREPROC_BAD_INDENT   (line:  16, col:   1):	Bad preprocessor indentation
Error: SPACE_REPLACE_TAB    (line:  18, col:   7):	Found space when expecting tab
Error: MISALIGNED_VAR_DECL  (line:  19, col:   1):	Misaligned variable declaration
Error: SPACE_REPLACE_TAB    (line:  19, col:  23):	Found space when expecting tab
Error: SPACE_REPLACE_TAB    (line:  23, col:   9):	Found space when expecting tab
Error: SPACE_REPLACE_TAB    (line:  24, col:   9):	Found space when expecting tab
Error: SPACE_REPLACE_TAB    (line:  25, col:   9):	Found space when expecting tab
Error: SPACE_REPLACE_TAB    (line:  26, col:   9):	Found space when expecting tab
Error: SPACE_REPLACE_TAB    (line:  27, col:   8):	Found space when expecting tab
Error: MISALIGNED_VAR_DECL  (line:  27, col:   9):	Misaligned variable declaration
Error: SPACE_REPLACE_TAB    (line:  28, col:   8):	Found space when expecting tab
Error: MISALIGNED_VAR_DECL  (line:  28, col:   9):	Misaligned variable declaration
Error: SPACE_REPLACE_TAB    (line:  29, col:   8):	Found space when expecting tab
Error: MISALIGNED_VAR_DECL  (line:  29, col:   9):	Misaligned variable declaration
Error: SPACE_REPLACE_TAB    (line:  30, col:   2):	Found space when expecting tab
Error: SPACE_REPLACE_TAB    (line:  32, col:   5):	Found space when expecting tab
Error: SPACE_REPLACE_TAB    (line:  33, col:   5):	Found space when expecting tab
Error: SPACE_REPLACE_TAB    (line:  34, col:   5):	Found space when expecting tab
